PL=60;
SLISTING='c:\protan32\dict\aeBoosters\boostdlc.lis';
SMASTER='boostdlc.dlc';
**       PROTAN SYSTEM          UCL/PSP AT LOUVAIN-LA-NEUVE      PAGE:     1  **
**       PROGRAM: CDLISTC     DATE: Jul01 17    TIME: 14:21:36                **


OPTIONS IN EFFECT_________________

SDICTS='boostdch.dts';
SUBDICT='';


"DICTS" FILE DEFINITIONS________________________

KIND OF DICTIONARY............................. CATEGORY BASED
"DICTS" FILE IDENTIFICATION (USER-DEFINED)..... BOOSTERS
"DICTS" FILE CREATION DATE..................... Jul01 17
"DICTS" FILE CREATION TIME..................... 14:21:31
USER'S COMMENT.                                                                 

GENERAL COMMENTS________________

                                                                                
                                                                                
TEXT=The BOOSTERS Dictionary of words and digrams was designed to               
collect a list of common entries (intensifiers) referring to any idea           
of commitment and solidarity with an audience or readership. Such               
words (sometimes digrams)are used also with the intention to manipulate         
a concensual understanding with readers or listeners. One expect                
boosters to run opposite to hedges. The latter refer to ideas of                
mitigating excessive expressions. The present dictionary is based on            
tthree studies:                                                                 
1) Yagiz, O., & Demir, C. (2015). A comparative study of boosting in            
academic texts: A contrastive rhetoric. International Journal of                
English Linguistics, 5(4), 12-28. (Retrieved April 15, 2016 from                
http://www.ccsenet.org/journal/index.php/ijel/article                           
/viewFile/49346/27763                                                           
or                                                                              
http://dx.doi.org/10.5539/ijel.v5n4p12                                          
2) Peacock, M. (2006). A cross-disciplinary comparison of boosting in           
research articles. Corpora, 1(1), 61-84. [Retrieved April 18, 2016 from         
https://courses.washington.edu/englhtml/engl563/PDFs/Peacock.pdf                
or                                                                              
http://dx.doi.org/10.3366/cor.2006.1.1.61                                       
3) Yagiz, O., & Demir, C. (2015). A comparative study of boosting               
in academic texts: A contrastive rhetoric. International Journal                
of English Linguistics, 5(4), 12-28.                                            

DICTIONARY STATISTICS_____________________

NUMBER OF WORDS TO INCLUDE...........     74
NUMBER OF ROOTS TO INCLUDE...........     72


NUMBER OF WORDS/ROOTS TO INCLUDE.....    146


NUMBER OF WORDS TO EXCLUDE...........      0
NUMBER OF ROOTS TO EXCLUDE...........      0

NUMBER OF WORDS/ROOTS TO EXCLUDE.....      0

**       PROTAN SYSTEM          UCL/PSP AT LOUVAIN-LA-NEUVE      PAGE:     2  **
**       PROGRAM: CDLISTC     DATE: Jul01 17    TIME: 14:21:36                **
** BOOSTERS                                                                   **


TOTAL NUMBER OF WORDS/ROOTS..........    146


NUMBER OF CATEGORIES DEFINED.........      6

MAX. LENGTH OF CAT. ASSIGNED LIST....      2

LOWER BOUNDARY OF CAT. ASSIGNED......      1
UPPER BOUNDARY OF CAT. ASSIGNED......      6
**       PROTAN SYSTEM          UCL/PSP AT LOUVAIN-LA-NEUVE      PAGE:     3  **
**       PROGRAM: CDLISTC     DATE: Jul01 17    TIME: 14:21:36                **
** BOOSTERS                                                                   **

NUMBER  IDENTIFICATION                  WORDS  ROOTS  TOTAL
   OF CATEGORY                              FREQUENCIES___________________________________________________________

   1    modal boosters                      3      0      3
   2    verbal boosters                     7      3     10
   3    adjectival/adverbial boosters       0     11     11
   4    Peacock list                       51     58    109
   5    varia                              13      0     13
   6    total boosters                     74     72    146
**       PROTAN SYSTEM          UCL/PSP AT LOUVAIN-LA-NEUVE      PAGE:     4  **
**       PROGRAM: CDLISTC     DATE: Jul01 17    TIME: 14:21:36                **
** BOOSTERS                                                                   **

CATEGORY   1  modal boosters                

OLD SEQ NEW SEQ WORD/ROOT           W/R  CATEGORIES ASSIGNED TO                 ________________________________________________________________________________

     35      58 HAS_TO               W     1   6
     34      59 HAVE_TO              W     1   6
     36      79 NEED_TO              W     1   6



STATISTICS FOR CATEGORY..       1
WORDS....................       3
ROOTS....................       0
TOTAL....................       3
**       PROTAN SYSTEM          UCL/PSP AT LOUVAIN-LA-NEUVE      PAGE:     5  **
**       PROGRAM: CDLISTC     DATE: Jul01 17    TIME: 14:21:36                **
** BOOSTERS                                                                   **

CATEGORY   2  verbal boosters               

OLD SEQ NEW SEQ WORD/ROOT           W/R  CATEGORIES ASSIGNED TO                 ________________________________________________________________________________

     37       5 ASCERTAIN            W     2   6
     38       6 ASSURE.(dly          R     2   6
     39      15 CONCLUDE             W     2   6
     40      23 CONVINC.(ingly       R     2   6
     41      32 DETERMINE            W     2   6
     42      37 ENHANCE.(d           R     2   6
     43      48 FIND                 W     2   6
     44      57 GUARANTEE            W     2   6
     45      71 JUSTIFY              W     2   6
     46     113 SUBSTANTIATE         W     2   6



STATISTICS FOR CATEGORY..       2
WORDS....................       7
ROOTS....................       3
TOTAL....................      10
**       PROTAN SYSTEM          UCL/PSP AT LOUVAIN-LA-NEUVE      PAGE:     6  **
**       PROGRAM: CDLISTC     DATE: Jul01 17    TIME: 14:21:36                **
** BOOSTERS                                                                   **

CATEGORY   3  adjectival/adverbial boosters 

OLD SEQ NEW SEQ WORD/ROOT           W/R  CATEGORIES ASSIGNED TO                 ________________________________________________________________________________

     47      10 CERTAIN.(ly          R     3   6
     48      20 CONSISTENT.(ly       R     3   6
     49      22 CONSTANT.(ly         R     3   6
     50      33 DISTINCT.(ly         R     3   6
     51      43 EXCEPTIONAL.(ly      R     3   6
     52      89 PERFECT.(ly          R     3   6
     53      91 PLAIN.(ly            R     3   6
     54     111 SIZEABL.(ly          R     3   6
     55     114 SUCCESSFUL.(ly       R     3   6
     56     126 UNCLEAR.(ly          R     3   6
     57     130 UNIQUE.(ly           R     3   6



STATISTICS FOR CATEGORY..       3
WORDS....................       0
ROOTS....................      11
TOTAL....................      11
**       PROTAN SYSTEM          UCL/PSP AT LOUVAIN-LA-NEUVE      PAGE:     7  **
**       PROGRAM: CDLISTC     DATE: Jul01 17    TIME: 14:21:36                **
** BOOSTERS                                                                   **

CATEGORY   4  Peacock list                  

OLD SEQ NEW SEQ WORD/ROOT           W/R  CATEGORIES ASSIGNED TO                 ________________________________________________________________________________

     58       1 ABSOLUTE.(ly         R     4   6
     59       2 ACTUALLY             W     4   6
     60       3 ALWAYS               W     4   6
     61       4 APPARENT.(ly         R     4   6
     64       9 CATEGORICAL.(ly      R     4   6
     65      11 CLEAR.(ly            R     4   6
     66      12 COMPELLING           W     4   6
     67      13 COMPLETELY           W     4   6
     68      14 COMPREHENSIVE.(ly    R     4   6
     69      16 CONCLUDE_THAT        W     4   6
     70      17 CONCLUSIVE.(ly       R     4   6
     71      18 CONFIRM.(ed          R     4   6
     72      19 CONSIDERABL.(y       R     4   6
     73      21 CONSPICUOUS.(ly      R     4   6
     74      24 CORROBORATE          W     4   6
     75      25 CREDIBL.(ly          R     4   6
     76      26 CRUCIAL.(ly          R     4   6
     77      27 DECISIVE.(ly         R     4   6
     78      28 DEFINITE.(ly         R     4   6
     79      29 DEFINITIVE.(ly       R     4   6
     80      30 DEMONSTRATE          W     4   6
     81      31 DESERVE.(dly         R     4   6
     82      34 DISTINCTIVELY        W     4   6
     83      35 DOUBTLESS.(ly        R     4   6
     84      38 ENTIRELY             W     4   6
     85      39 ESPECIALLY           W     4   6
     86      40 ESSENTIAL.(ly        R     4   6
     87      41 ESTABLISH            W     4   6
     88      42 EVIDENT.(ly          R     4   6
     89      44 EXHAUSTIVE.(ly       R     4   6
     90      45 EXTENSIVE.(ly        R     4   6
     91      46 EXTRAORDINARY        W     4   6
     92      47 EXTREMELY            W     4   6
     94      49 FIND_THAT            W     4   6
     96      50 FIRM.(ly             R     4   6
     97      51 FORCEFUL.(ly         R     4   6
     95      52 FOUND_THAT           W     4   6
     98      53 FULLY                W     4   6
    100      54 FUNDAMENTAL.(ly      R     4   6
    101      55 GENUINE.(ly          R     4   6
    102      56 GREAT                W     4   6
    103      60 HIGHLIGHT            W     4   6
    104      61 HIGHLY               W     4   6
    105      63 IMPOSSIBL.(y         R     4   6
    106      64 IMPRESSIVE.(ly       R     4   6
    107      65 INCONTROVERTIBL.(y   R     4   6
    108      66 INDEED               W     4   6
    109      67 INDISPENSABL.(ly     R     4   6
    110      68 INEVITABL.(y         R     4   6
    111      69 IN_FACT              W     4   6
     62      70 I_BELIEVE            W     4   6
    112      72 MANIFEST.(ly         R     4   6
**       PROTAN SYSTEM          UCL/PSP AT LOUVAIN-LA-NEUVE      PAGE:     8  **
**       PROGRAM: CDLISTC     DATE: Jul01 17    TIME: 14:21:36                **
** BOOSTERS                                                                   **

CATEGORY   4  Peacock list                  

OLD SEQ NEW SEQ WORD/ROOT           W/R  CATEGORIES ASSIGNED TO                 ________________________________________________________________________________

    113      73 MARKED.(ly           R     4   6
    114      74 MEANINGFUL.(ly       R     4   6
    115      76 MUST                 W     4   6
    116      78 NECESSARILY          W     4   6
    117      80 NEVER                W     4   6
    119      81 NOTABL.(y            R     4   6
    120      82 NOTEWORTHY           W     4   6
    121      83 NOTICEABL.(y         R     4   6
    118      84 NO_DOUBT             W     4   6
    122      85 OBVIOUS.(ly          R     4   6
    123      86 OF_COURSE            W     4   6
    124      87 OUTSTANDING          W     4   6
    125      88 PARTICULARLY         W     4   6
    126      90 PERSUASIVE.(ly       R     4   6
    127      93 POWERFUL             W     4   6
    128      94 PRECISELY            W     4   6
    129      95 PROFOUND.(ly         R     4   6
    130      96 PROMINENT.(ly        R     4   6
    131      97 PROOF                W     4   6
    132      98 PROVE.(d             R     4   6
    133      99 QUITE                W     4   6
    134     100 RADICAL.(ly          R     4   6
    135     101 REALLY               W     4   6
    136     102 RELIABL.(y           R     4   6
    137     103 REMARKAB.(ly         R     4   6
    138     104 RIGOROUS.(ly         R     4   6
    139     105 SAFE.(ly             R     4   6
    140     106 SECURE.(ly           R     4   6
    141     107 SELF-EVIDENT         W     4   6
    142     108 SHOW                 W     4   6
    143     110 SIZABL.(ly           R     4   6
     99     112 STRIKING.(ly         R     4   6
    144     115 SUPERIOR             W     4   6
    145     116 SURE.(ly             R     4   6
     93     119 THE_FACT_THAT        W     4   6
    146     120 THOROUGH.(ly         R     4   6
    147     121 TOTALLY              W     4   6
    148     122 TRULY                W     4   6
    149     123 UNAMBIGUOUS.(ly      R     4   6
    150     124 UNARGUABLY           W     4   6
    151     125 UNAVOIDABL.(y        R     4   6
    152     127 UNDENIABL.(y         R     4   6
    153     128 UNDOUBTEDLY          W     4   6
    154     129 UNEQUIVOCAL.(ly      R     4   6
    155     131 UNLIMITED            W     4   6
    156     132 UNMISTAKABL.(ly      R     4   6
    157     133 UNPRECEDENTED        W     4   6
    158     134 UNQUESTIONABL.(y     R     4   6
    160     136 UPHELD               W     4   6
    159     137 UPHOLD               W     4   6
    161     138 VAST.(ly             R     4   6
    162     140 VITAL.(ly            R     4   6
**       PROTAN SYSTEM          UCL/PSP AT LOUVAIN-LA-NEUVE      PAGE:     9  **
**       PROGRAM: CDLISTC     DATE: Jul01 17    TIME: 14:21:36                **
** BOOSTERS                                                                   **

CATEGORY   4  Peacock list                  

OLD SEQ NEW SEQ WORD/ROOT           W/R  CATEGORIES ASSIGNED TO                 ________________________________________________________________________________

    164     141 WELL-KNOW.(n         R     4   6
     63     142 WE_BELIEVE           W     4   6
    163     143 WE_KNOW              W     4   6
    165     144 WILL                 W     4   6
    166     145 WILL_NOT             W     4   6



STATISTICS FOR CATEGORY..       4
WORDS....................      51
ROOTS....................      58
TOTAL....................     109
**       PROTAN SYSTEM          UCL/PSP AT LOUVAIN-LA-NEUVE      PAGE:    10  **
**       PROGRAM: CDLISTC     DATE: Jul01 17    TIME: 14:21:36                **
** BOOSTERS                                                                   **

CATEGORY   5  varia                         

OLD SEQ NEW SEQ WORD/ROOT           W/R  CATEGORIES ASSIGNED TO                 ________________________________________________________________________________

    173       7 AWFULLY              W     5   6
    179       8 BLOODY               W     5   6
    170      36 EMPHATICALLY         W     5   6
    178      62 HORRIBLY             W     5   6
    171      75 MOST                 W     5   6
    167      77 NATURALLY            W     5   6
    168      92 POSITIVELY           W     5   6
    169     109 SIMPLY               W     5   6
    174     117 SURPASSINGLY         W     5   6
    172     118 TERRIBLY             W     5   6
    175     135 UNUTTERABLY          W     5   6
    176     139 VERY                 W     5   6
    177     146 WONDERFULLY          W     5   6



STATISTICS FOR CATEGORY..       5
WORDS....................      13
ROOTS....................       0
TOTAL....................      13
**       PROTAN SYSTEM          UCL/PSP AT LOUVAIN-LA-NEUVE      PAGE:    11  **
**       PROGRAM: CDLISTC     DATE: Jul01 17    TIME: 14:21:36                **
** BOOSTERS                                                                   **

CATEGORY   6  total boosters                

OLD SEQ NEW SEQ WORD/ROOT           W/R  CATEGORIES ASSIGNED TO                 ________________________________________________________________________________

     58       1 ABSOLUTE.(ly         R     4   6
     59       2 ACTUALLY             W     4   6
     60       3 ALWAYS               W     4   6
     61       4 APPARENT.(ly         R     4   6
     37       5 ASCERTAIN            W     2   6
     38       6 ASSURE.(dly          R     2   6
    173       7 AWFULLY              W     5   6
    179       8 BLOODY               W     5   6
     64       9 CATEGORICAL.(ly      R     4   6
     47      10 CERTAIN.(ly          R     3   6
     65      11 CLEAR.(ly            R     4   6
     66      12 COMPELLING           W     4   6
     67      13 COMPLETELY           W     4   6
     68      14 COMPREHENSIVE.(ly    R     4   6
     39      15 CONCLUDE             W     2   6
     69      16 CONCLUDE_THAT        W     4   6
     70      17 CONCLUSIVE.(ly       R     4   6
     71      18 CONFIRM.(ed          R     4   6
     72      19 CONSIDERABL.(y       R     4   6
     48      20 CONSISTENT.(ly       R     3   6
     73      21 CONSPICUOUS.(ly      R     4   6
     49      22 CONSTANT.(ly         R     3   6
     40      23 CONVINC.(ingly       R     2   6
     74      24 CORROBORATE          W     4   6
     75      25 CREDIBL.(ly          R     4   6
     76      26 CRUCIAL.(ly          R     4   6
     77      27 DECISIVE.(ly         R     4   6
     78      28 DEFINITE.(ly         R     4   6
     79      29 DEFINITIVE.(ly       R     4   6
     80      30 DEMONSTRATE          W     4   6
     81      31 DESERVE.(dly         R     4   6
     41      32 DETERMINE            W     2   6
     50      33 DISTINCT.(ly         R     3   6
     82      34 DISTINCTIVELY        W     4   6
     83      35 DOUBTLESS.(ly        R     4   6
    170      36 EMPHATICALLY         W     5   6
     42      37 ENHANCE.(d           R     2   6
     84      38 ENTIRELY             W     4   6
     85      39 ESPECIALLY           W     4   6
     86      40 ESSENTIAL.(ly        R     4   6
     87      41 ESTABLISH            W     4   6
     88      42 EVIDENT.(ly          R     4   6
     51      43 EXCEPTIONAL.(ly      R     3   6
     89      44 EXHAUSTIVE.(ly       R     4   6
     90      45 EXTENSIVE.(ly        R     4   6
     91      46 EXTRAORDINARY        W     4   6
     92      47 EXTREMELY            W     4   6
     43      48 FIND                 W     2   6
     94      49 FIND_THAT            W     4   6
     96      50 FIRM.(ly             R     4   6
     97      51 FORCEFUL.(ly         R     4   6
     95      52 FOUND_THAT           W     4   6
**       PROTAN SYSTEM          UCL/PSP AT LOUVAIN-LA-NEUVE      PAGE:    12  **
**       PROGRAM: CDLISTC     DATE: Jul01 17    TIME: 14:21:36                **
** BOOSTERS                                                                   **

CATEGORY   6  total boosters                

OLD SEQ NEW SEQ WORD/ROOT           W/R  CATEGORIES ASSIGNED TO                 ________________________________________________________________________________

     98      53 FULLY                W     4   6
    100      54 FUNDAMENTAL.(ly      R     4   6
    101      55 GENUINE.(ly          R     4   6
    102      56 GREAT                W     4   6
     44      57 GUARANTEE            W     2   6
     35      58 HAS_TO               W     1   6
     34      59 HAVE_TO              W     1   6
    103      60 HIGHLIGHT            W     4   6
    104      61 HIGHLY               W     4   6
    178      62 HORRIBLY             W     5   6
    105      63 IMPOSSIBL.(y         R     4   6
    106      64 IMPRESSIVE.(ly       R     4   6
    107      65 INCONTROVERTIBL.(y   R     4   6
    108      66 INDEED               W     4   6
    109      67 INDISPENSABL.(ly     R     4   6
    110      68 INEVITABL.(y         R     4   6
    111      69 IN_FACT              W     4   6
     62      70 I_BELIEVE            W     4   6
     45      71 JUSTIFY              W     2   6
    112      72 MANIFEST.(ly         R     4   6
    113      73 MARKED.(ly           R     4   6
    114      74 MEANINGFUL.(ly       R     4   6
    171      75 MOST                 W     5   6
    115      76 MUST                 W     4   6
    167      77 NATURALLY            W     5   6
    116      78 NECESSARILY          W     4   6
     36      79 NEED_TO              W     1   6
    117      80 NEVER                W     4   6
    119      81 NOTABL.(y            R     4   6
    120      82 NOTEWORTHY           W     4   6
    121      83 NOTICEABL.(y         R     4   6
    118      84 NO_DOUBT             W     4   6
    122      85 OBVIOUS.(ly          R     4   6
    123      86 OF_COURSE            W     4   6
    124      87 OUTSTANDING          W     4   6
    125      88 PARTICULARLY         W     4   6
     52      89 PERFECT.(ly          R     3   6
    126      90 PERSUASIVE.(ly       R     4   6
     53      91 PLAIN.(ly            R     3   6
    168      92 POSITIVELY           W     5   6
    127      93 POWERFUL             W     4   6
    128      94 PRECISELY            W     4   6
    129      95 PROFOUND.(ly         R     4   6
    130      96 PROMINENT.(ly        R     4   6
    131      97 PROOF                W     4   6
    132      98 PROVE.(d             R     4   6
    133      99 QUITE                W     4   6
    134     100 RADICAL.(ly          R     4   6
    135     101 REALLY               W     4   6
    136     102 RELIABL.(y           R     4   6
    137     103 REMARKAB.(ly         R     4   6
    138     104 RIGOROUS.(ly         R     4   6
**       PROTAN SYSTEM          UCL/PSP AT LOUVAIN-LA-NEUVE      PAGE:    13  **
**       PROGRAM: CDLISTC     DATE: Jul01 17    TIME: 14:21:36                **
** BOOSTERS                                                                   **

CATEGORY   6  total boosters                

OLD SEQ NEW SEQ WORD/ROOT           W/R  CATEGORIES ASSIGNED TO                 ________________________________________________________________________________

    139     105 SAFE.(ly             R     4   6
    140     106 SECURE.(ly           R     4   6
    141     107 SELF-EVIDENT         W     4   6
    142     108 SHOW                 W     4   6
    169     109 SIMPLY               W     5   6
    143     110 SIZABL.(ly           R     4   6
     54     111 SIZEABL.(ly          R     3   6
     99     112 STRIKING.(ly         R     4   6
     46     113 SUBSTANTIATE         W     2   6
     55     114 SUCCESSFUL.(ly       R     3   6
    144     115 SUPERIOR             W     4   6
    145     116 SURE.(ly             R     4   6
    174     117 SURPASSINGLY         W     5   6
    172     118 TERRIBLY             W     5   6
     93     119 THE_FACT_THAT        W     4   6
    146     120 THOROUGH.(ly         R     4   6
    147     121 TOTALLY              W     4   6
    148     122 TRULY                W     4   6
    149     123 UNAMBIGUOUS.(ly      R     4   6
    150     124 UNARGUABLY           W     4   6
    151     125 UNAVOIDABL.(y        R     4   6
     56     126 UNCLEAR.(ly          R     3   6
    152     127 UNDENIABL.(y         R     4   6
    153     128 UNDOUBTEDLY          W     4   6
    154     129 UNEQUIVOCAL.(ly      R     4   6
     57     130 UNIQUE.(ly           R     3   6
    155     131 UNLIMITED            W     4   6
    156     132 UNMISTAKABL.(ly      R     4   6
    157     133 UNPRECEDENTED        W     4   6
    158     134 UNQUESTIONABL.(y     R     4   6
    175     135 UNUTTERABLY          W     5   6
    160     136 UPHELD               W     4   6
    159     137 UPHOLD               W     4   6
    161     138 VAST.(ly             R     4   6
    176     139 VERY                 W     5   6
    162     140 VITAL.(ly            R     4   6
    164     141 WELL-KNOW.(n         R     4   6
     63     142 WE_BELIEVE           W     4   6
    163     143 WE_KNOW              W     4   6
    165     144 WILL                 W     4   6
    166     145 WILL_NOT             W     4   6
    177     146 WONDERFULLY          W     5   6



STATISTICS FOR CATEGORY..       6
WORDS....................      74
ROOTS....................      72
TOTAL....................     146
**       PROTAN SYSTEM          UCL/PSP AT LOUVAIN-LA-NEUVE      PAGE:    14  **
**       PROGRAM: CDLISTC     DATE: Jul01 17    TIME: 14:21:36                **


*CYEX001I  processing terminated
  -  normal end of job
